Exception at PC 0x00007FFE833AB699
Exception at PC 0x00007FFE833AB699
Exception at PC 0x00007FFE833AB699
Exception at PC 0x00007FFE833AB699
Exception at PC 0x00007FFE833AB699
Exception at PC 0x00007FFE833AB699
Unable to capture context for thread 4232 in process 10468, can not generate back trace
Unable to capture context for thread 8716 in process 10468, can not generate back trace
Unable to capture context for thread 5104 in process 10468, can not generate back trace
Exception at PC 0x00007FFE833AB699
Unable to capture context for thread 5104 in process 10468, can not generate back trace
Exception at PC 0x00007FFE0146BB93
Printing stacktrace...

Exception at PC 0x00007FFE833AB699
Exception at PC 0x00007FFE833AB699
Exception at PC 0x00007FFE833AB699
Exception at PC 0x00007FFE833AB699
Exception at PC 0x00007FFE833AB699
Exception at PC 0x00007FFE833AB699
[0]  [0x00007FFE0146BB93]
[1]  [0x00007FFE0146BB93]
[2]  [0x00007FFE0146B4A1]
[3]  [0x00007FFE0146B3EF]
[4]  [0x00007FFE014519FE]
[5]  [0x00007FFE01450ED1]
[6]  [0x00007FFE01450D76]
[7]  [0x00007FFE013F79F6]
[8]  [0x00007FFE013E7AFB]
[9]  [0x00007FFE0150E90A]
[10]  [0x00007FFE01529F87]
[11]  [0x00007FFE0152A05F]
[12] (BaseThreadInitThunk+0x14) [0x00007FFE85637374]
[13] (RtlUserThreadStart+0x21) [0x00007FFE85C1CC91]
Done
Exception at PC 0x00007FFE833AB699
Exception at PC 0x00007FFE833AB699
Exception at PC 0x00007FFE833AB699
Exception at PC 0x00007FFE833AB699
Exception at PC 0x00007FFE833AB699
Exception at PC 0x00007FFE833AB699
Exception at PC 0x00007FFE833AB699
Exception at PC 0x00007FFE833AB699
Exception at PC 0x00007FFE833AB699
Exception at PC 0x00007FFE833AB699
